I: 01/28/18 22:22:01 - [main.c:250] Linux vadim-pc 4.12.12-gentoo1 #4 Sat Dec 9 06:54:26 +10 2017 x86_64 Intel(R) Pentium(R) CPU N3540 @ 2.16GHz GenuineIntel GNU/Linux
I: 01/28/18 22:22:01 - [main.c:222] Contents of /etc/os-release:
I: 01/28/18 22:22:01 - [main.c:229] NAME=Gentoo
I: 01/28/18 22:22:01 - [main.c:229] ID=gentoo
I: 01/28/18 22:22:01 - [main.c:229] PRETTY_NAME="Gentoo/Linux"
I: 01/28/18 22:22:01 - [main.c:229] ANSI_COLOR="1;32"
I: 01/28/18 22:22:01 - [main.c:229] HOME_URL="https://www.gentoo.org/"
I: 01/28/18 22:22:01 - [main.c:229] SUPPORT_URL="https://www.gentoo.org/support/"
I: 01/28/18 22:22:01 - [main.c:229] BUG_REPORT_URL="https://bugs.gentoo.org/"
I: 01/28/18 22:22:01 - [main.c:222] Contents of /etc/gentoo-release:
I: 01/28/18 22:22:01 - [main.c:229] Gentoo Base System release 2.3
I: 01/28/18 22:22:01 - [main.c:207] PATH=/sbin:/bin:/usr/sbin:/usr/bin
I: 01/28/18 22:22:01 - [main.c:207] LD_LOAD_PATH=(null)
I: 01/28/18 22:22:01 - [main.c:207] LD_PRELOAD_PATH=(null)
I: 01/28/18 22:22:01 - [main.c:207] LD_LIBRARY_PATH=(null)
I: 01/28/18 22:22:01 - [main.c:207] SWAY_CURSOR_THEME=(null)
I: 01/28/18 22:22:01 - [main.c:207] SWAY_CURSOR_SIZE=(null)
I: 01/28/18 22:22:01 - [main.c:207] SWAYSOCK=(null)
I: 01/28/18 22:22:01 - [main.c:207] WLC_DRM_DEVICE=(null)
I: 01/28/18 22:22:01 - [main.c:207] WLC_SHM=(null)
I: 01/28/18 22:22:01 - [main.c:207] WLC_OUTPUTS=(null)
I: 01/28/18 22:22:01 - [main.c:207] WLC_XWAYLAND=(null)
I: 01/28/18 22:22:01 - [main.c:207] WLC_LIBINPUT=(null)
I: 01/28/18 22:22:01 - [main.c:207] WLC_REPEAT_DELAY=(null)
I: 01/28/18 22:22:01 - [main.c:207] WLC_REPEAT_RATE=(null)
I: 01/28/18 22:22:01 - [main.c:207] XKB_DEFAULT_RULES=(null)
I: 01/28/18 22:22:01 - [main.c:207] XKB_DEFAULT_MODEL=(null)
I: 01/28/18 22:22:01 - [main.c:207] XKB_DEFAULT_LAYOUT=us
I: 01/28/18 22:22:01 - [main.c:207] XKB_DEFAULT_VARIANT=,nodeadkeys
I: 01/28/18 22:22:01 - [main.c:207] XKB_DEFAULT_OPTIONS=grp:alt_shift_toggle
D: 01/28/18 22:22:01 - [main.c:52] [wlc] Running on vt 7 (fd 3)
xkbcommon: ERROR: Unrecognized RMLVO variant "nodeadkeys" was ignored
I: 01/28/18 22:22:01 - [main.c:50] [wlc] Failed to open X11 display
I: 01/28/18 22:22:01 - [main.c:466] Starting sway version 0.15.0

D: 01/28/18 22:22:01 - [config.c:450] Set XDG_CONFIG_HOME to /root/.config
I: 01/28/18 22:22:01 - [config.c:475] Loading config from /etc/sway/security.d/00-defaults
I: 01/28/18 22:22:01 - [commands.c:519] handling config command 'permit * fullscreen keyboard mouse'
D: 01/28/18 22:22:01 - [commands.c:344] find_handler(permit) 0
D: 01/28/18 22:22:01 - [security.c:14] Validating IPC target '*'
D: 01/28/18 22:22:01 - [permit.c:71] Permissions granted to * for features 112
I: 01/28/18 22:22:01 - [commands.c:519] handling config command 'permit /usr/bin/swaylock lock'
D: 01/28/18 22:22:01 - [commands.c:344] find_handler(permit) 0
D: 01/28/18 22:22:01 - [security.c:14] Validating IPC target '/usr/bin/swaylock'
D: 01/28/18 22:22:01 - [permit.c:71] Permissions granted to /usr/bin/swaylock for features 113
I: 01/28/18 22:22:01 - [commands.c:519] handling config command 'permit /usr/bin/swaybg background'
D: 01/28/18 22:22:01 - [commands.c:344] find_handler(permit) 0
D: 01/28/18 22:22:01 - [security.c:14] Validating IPC target '/usr/bin/swaybg'
D: 01/28/18 22:22:01 - [permit.c:71] Permissions granted to /usr/bin/swaybg for features 116
I: 01/28/18 22:22:01 - [commands.c:519] handling config command 'permit /usr/bin/swaygrab screenshot'
D: 01/28/18 22:22:01 - [commands.c:344] find_handler(permit) 0
E: 01/28/18 22:22:01 - [permit.c:62] cmd_permit:Unable to resolve IPC permit target '/usr/bin/swaygrab'. will issue empty policy
D: 01/28/18 22:22:01 - [security.c:14] Validating IPC target '/usr/bin/swaygrab'
E: 01/28/18 22:22:01 - [security.c:155] get_feature_policy:Unable to allocate security policy
I: 01/28/18 22:22:01 - [commands.c:519] handling config command 'permit /usr/bin/swaybar panel'
D: 01/28/18 22:22:01 - [commands.c:344] find_handler(permit) 0
D: 01/28/18 22:22:01 - [security.c:14] Validating IPC target '/usr/bin/swaybar'
D: 01/28/18 22:22:01 - [permit.c:71] Permissions granted to /usr/bin/swaybar for features 114
I: 01/28/18 22:22:01 - [commands.c:519] handling config command 'ipc /usr/bin/swaymsg {'
D: 01/28/18 22:22:01 - [commands.c:344] find_handler(ipc) 0
D: 01/28/18 22:22:01 - [security.c:14] Validating IPC target '/usr/bin/swaymsg'
I: 01/28/18 22:22:01 - [commands.c:519] handling config command '* enabled'
D: 01/28/18 22:22:01 - [commands.c:344] find_handler(*) 0
D: 01/28/18 22:22:01 - [ipc.c:106] Enabled IPC * feature
I: 01/28/18 22:22:01 - [commands.c:519] handling config command 'events {'
D: 01/28/18 22:22:01 - [commands.c:344] find_handler(events) 0
I: 01/28/18 22:22:01 - [commands.c:519] handling config command '* disabled'
D: 01/28/18 22:22:01 - [commands.c:344] find_handler(*) 0
D: 01/28/18 22:22:01 - [ipc.c:158] Disabled IPC * event
I: 01/28/18 22:22:01 - [commands.c:519] handling config command '}'
D: 01/28/18 22:22:01 - [config.c:822] End of IPC events block
I: 01/28/18 22:22:01 - [commands.c:519] handling config command '}'
D: 01/28/18 22:22:01 - [config.c:817] End of IPC block
I: 01/28/18 22:22:01 - [commands.c:519] handling config command 'ipc /usr/bin/swaybar {'
D: 01/28/18 22:22:01 - [commands.c:344] find_handler(ipc) 0
D: 01/28/18 22:22:01 - [security.c:14] Validating IPC target '/usr/bin/swaybar'
I: 01/28/18 22:22:01 - [commands.c:519] handling config command 'bar-config enabled'
D: 01/28/18 22:22:01 - [commands.c:344] find_handler(bar-config) 0
D: 01/28/18 22:22:01 - [ipc.c:106] Enabled IPC bar-config feature
I: 01/28/18 22:22:01 - [commands.c:519] handling config command 'outputs enabled'
D: 01/28/18 22:22:01 - [commands.c:344] find_handler(outputs) 0
D: 01/28/18 22:22:01 - [ipc.c:106] Enabled IPC outputs feature
I: 01/28/18 22:22:01 - [commands.c:519] handling config command 'workspaces enabled'
D: 01/28/18 22:22:01 - [commands.c:344] find_handler(workspaces) 0
D: 01/28/18 22:22:01 - [ipc.c:106] Enabled IPC workspaces feature
I: 01/28/18 22:22:01 - [commands.c:519] handling config command 'command enabled'
D: 01/28/18 22:22:01 - [commands.c:344] find_handler(command) 0
D: 01/28/18 22:22:01 - [ipc.c:106] Enabled IPC command feature
I: 01/28/18 22:22:01 - [commands.c:519] handling config command 'events {'
D: 01/28/18 22:22:01 - [commands.c:344] find_handler(events) 0
I: 01/28/18 22:22:01 - [commands.c:519] handling config command 'workspace enabled'
D: 01/28/18 22:22:01 - [commands.c:344] find_handler(workspace) 0
D: 01/28/18 22:22:01 - [ipc.c:155] Enabled IPC workspace event
I: 01/28/18 22:22:01 - [commands.c:519] handling config command 'mode enabled'
D: 01/28/18 22:22:01 - [commands.c:344] find_handler(mode) 0
D: 01/28/18 22:22:01 - [ipc.c:155] Enabled IPC mode event
I: 01/28/18 22:22:01 - [commands.c:519] handling config command '}'
D: 01/28/18 22:22:01 - [config.c:822] End of IPC events block
I: 01/28/18 22:22:01 - [commands.c:519] handling config command '}'
D: 01/28/18 22:22:01 - [config.c:817] End of IPC block
I: 01/28/18 22:22:01 - [commands.c:519] handling config command 'ipc /usr/bin/swaygrab {'
D: 01/28/18 22:22:01 - [commands.c:344] find_handler(ipc) 0
E: 01/28/18 22:22:01 - [config.c:721] Error on line 39 'ipc /usr/bin/swaygrab {': Unable to resolve IPC Policy target. (/root/.config/sway/config)
I: 01/28/18 22:22:01 - [commands.c:519] handling config command 'outputs enabled'
D: 01/28/18 22:22:01 - [commands.c:344] find_handler(outputs) 0
E: 01/28/18 22:22:01 - [config.c:721] Error on line 40 'outputs enabled': Unknown/invalid command (/root/.config/sway/config)
I: 01/28/18 22:22:01 - [commands.c:519] handling config command 'tree enabled'
D: 01/28/18 22:22:01 - [commands.c:344] find_handler(tree) 0
E: 01/28/18 22:22:01 - [config.c:721] Error on line 41 'tree enabled': Unknown/invalid command (/root/.config/sway/config)
I: 01/28/18 22:22:01 - [commands.c:519] handling config command '}'
E: 01/28/18 22:22:01 - [config.c:827] Unmatched }
I: 01/28/18 22:22:01 - [commands.c:519] handling config command 'ipc /usr/bin/swaylock {'
D: 01/28/18 22:22:01 - [commands.c:344] find_handler(ipc) 0
D: 01/28/18 22:22:01 - [security.c:14] Validating IPC target '/usr/bin/swaylock'
I: 01/28/18 22:22:01 - [commands.c:519] handling config command 'outputs enabled'
D: 01/28/18 22:22:01 - [commands.c:344] find_handler(outputs) 0
D: 01/28/18 22:22:01 - [ipc.c:106] Enabled IPC outputs feature
I: 01/28/18 22:22:01 - [commands.c:519] handling config command '}'
D: 01/28/18 22:22:01 - [config.c:817] End of IPC block
I: 01/28/18 22:22:01 - [commands.c:519] handling config command 'commands {'
D: 01/28/18 22:22:01 - [commands.c:344] find_handler(commands) 0
D: 01/28/18 22:22:01 - [commands.c:344] find_handler(*) 0
I: 01/28/18 22:22:01 - [commands.c:623] Set command policy for * to -1
D: 01/28/18 22:22:01 - [commands.c:344] find_handler(fullscreen) 0
I: 01/28/18 22:22:01 - [commands.c:623] Set command policy for fullscreen to 10
D: 01/28/18 22:22:01 - [commands.c:344] find_handler(bindsym) 0
I: 01/28/18 22:22:01 - [commands.c:623] Set command policy for bindsym to 1
D: 01/28/18 22:22:01 - [commands.c:344] find_handler(exit) 0
I: 01/28/18 22:22:01 - [commands.c:623] Set command policy for exit to 2
D: 01/28/18 22:22:01 - [commands.c:344] find_handler(kill) 0
I: 01/28/18 22:22:01 - [commands.c:623] Set command policy for kill to 2
D: 01/28/18 22:22:01 - [config.c:812] End of commands block
E: 01/28/18 22:22:01 - [config.c:498] Error(s) loading config!
I: 01/28/18 22:22:01 - [config.c:475] Loading config from /root/.config/sway/config
I: 01/28/18 22:22:01 - [commands.c:519] handling config command 'set $mod Mod1'
D: 01/28/18 22:22:01 - [commands.c:344] find_handler(set) 0
I: 01/28/18 22:22:01 - [commands.c:519] handling config command 'set $left h'
D: 01/28/18 22:22:01 - [commands.c:344] find_handler(set) 0
I: 01/28/18 22:22:01 - [commands.c:519] handling config command 'set $down j'
D: 01/28/18 22:22:01 - [commands.c:344] find_handler(set) 0
I: 01/28/18 22:22:01 - [commands.c:519] handling config command 'set $up k'
D: 01/28/18 22:22:01 - [commands.c:344] find_handler(set) 0
I: 01/28/18 22:22:01 - [commands.c:519] handling config command 'set $right l'
D: 01/28/18 22:22:01 - [commands.c:344] find_handler(set) 0
I: 01/28/18 22:22:01 - [commands.c:519] handling config command 'set $term urxvt'
D: 01/28/18 22:22:01 - [commands.c:344] find_handler(set) 0
I: 01/28/18 22:22:01 - [commands.c:519] handling config command 'set $menu dmenu_run'
D: 01/28/18 22:22:01 - [commands.c:344] find_handler(set) 0
I: 01/28/18 22:22:01 - [commands.c:519] handling config command 'output * bg /usr/share/backgrounds/sway/Sway_Wallpaper_Blue_1920x1080.png fill'
D: 01/28/18 22:22:01 - [commands.c:344] find_handler(output) 0
E: 01/28/18 22:22:01 - [config.c:721] Error on line 24 'output * bg /usr/share/backgrounds/sway/Sway_Wallpaper_Blue_1920x1080.png fill': Background file unreadable (/usr/share/backgrounds/sway/Sway_Wallpaper_Blue_1920x1080.png) (/root/.config/sway/config)
I: 01/28/18 22:22:01 - [commands.c:519] handling config command 'bindsym $mod+Return exec $term'
D: 01/28/18 22:22:01 - [commands.c:344] find_handler(bindsym) 0
D: 01/28/18 22:22:01 - [bind.c:94] bindsym - Bound Mod1+Return to command exec urxvt
I: 01/28/18 22:22:01 - [commands.c:519] handling config command 'bindsym $mod+Shift+q kill'
D: 01/28/18 22:22:01 - [commands.c:344] find_handler(bindsym) 0
D: 01/28/18 22:22:01 - [bind.c:94] bindsym - Bound Mod1+Shift+q to command kill
I: 01/28/18 22:22:01 - [commands.c:519] handling config command 'bindsym $mod+d exec $menu'
D: 01/28/18 22:22:01 - [commands.c:344] find_handler(bindsym) 0
D: 01/28/18 22:22:01 - [bind.c:94] bindsym - Bound Mod1+d to command exec dmenu_run
I: 01/28/18 22:22:01 - [commands.c:519] handling config command 'floating_modifier $mod normal'
D: 01/28/18 22:22:01 - [commands.c:344] find_handler(floating_modifier) 0
I: 01/28/18 22:22:01 - [commands.c:519] handling config command 'bindsym $mod+Shift+c reload'
D: 01/28/18 22:22:01 - [commands.c:344] find_handler(bindsym) 0
D: 01/28/18 22:22:01 - [bind.c:94] bindsym - Bound Mod1+Shift+c to command reload
I: 01/28/18 22:22:01 - [commands.c:519] handling config command 'bindsym $mod+Shift+e exit'
D: 01/28/18 22:22:01 - [commands.c:344] find_handler(bindsym) 0
D: 01/28/18 22:22:01 - [bind.c:94] bindsym - Bound Mod1+Shift+e to command exit
I: 01/28/18 22:22:01 - [commands.c:519] handling config command 'bindsym $mod+$left focus left'
D: 01/28/18 22:22:01 - [commands.c:344] find_handler(bindsym) 0
D: 01/28/18 22:22:01 - [bind.c:94] bindsym - Bound Mod1+h to command focus left
I: 01/28/18 22:22:01 - [commands.c:519] handling config command 'bindsym $mod+$down focus down'
D: 01/28/18 22:22:01 - [commands.c:344] find_handler(bindsym) 0
D: 01/28/18 22:22:01 - [bind.c:94] bindsym - Bound Mod1+j to command focus down
I: 01/28/18 22:22:01 - [commands.c:519] handling config command 'bindsym $mod+$up focus up'
D: 01/28/18 22:22:01 - [commands.c:344] find_handler(bindsym) 0
D: 01/28/18 22:22:01 - [bind.c:94] bindsym - Bound Mod1+k to command focus up
I: 01/28/18 22:22:01 - [commands.c:519] handling config command 'bindsym $mod+$right focus right'
D: 01/28/18 22:22:01 - [commands.c:344] find_handler(bindsym) 0
D: 01/28/18 22:22:01 - [bind.c:94] bindsym - Bound Mod1+l to command focus right
I: 01/28/18 22:22:01 - [commands.c:519] handling config command 'bindsym $mod+Left focus left'
D: 01/28/18 22:22:01 - [commands.c:344] find_handler(bindsym) 0
D: 01/28/18 22:22:01 - [bind.c:94] bindsym - Bound Mod1+Left to command focus left
I: 01/28/18 22:22:01 - [commands.c:519] handling config command 'bindsym $mod+Down focus down'
D: 01/28/18 22:22:01 - [commands.c:344] find_handler(bindsym) 0
D: 01/28/18 22:22:01 - [bind.c:94] bindsym - Bound Mod1+Down to command focus down
I: 01/28/18 22:22:01 - [commands.c:519] handling config command 'bindsym $mod+Up focus up'
D: 01/28/18 22:22:01 - [commands.c:344] find_handler(bindsym) 0
D: 01/28/18 22:22:01 - [bind.c:94] bindsym - Bound Mod1+Up to command focus up
I: 01/28/18 22:22:01 - [commands.c:519] handling config command 'bindsym $mod+Right focus right'
D: 01/28/18 22:22:01 - [commands.c:344] find_handler(bindsym) 0
D: 01/28/18 22:22:01 - [bind.c:94] bindsym - Bound Mod1+Right to command focus right
I: 01/28/18 22:22:01 - [commands.c:519] handling config command 'bindsym $mod+Shift+$left move left'
D: 01/28/18 22:22:01 - [commands.c:344] find_handler(bindsym) 0
D: 01/28/18 22:22:01 - [bind.c:94] bindsym - Bound Mod1+Shift+h to command move left
I: 01/28/18 22:22:01 - [commands.c:519] handling config command 'bindsym $mod+Shift+$down move down'
D: 01/28/18 22:22:01 - [commands.c:344] find_handler(bindsym) 0
D: 01/28/18 22:22:01 - [bind.c:94] bindsym - Bound Mod1+Shift+j to command move down
I: 01/28/18 22:22:01 - [commands.c:519] handling config command 'bindsym $mod+Shift+$up move up'
D: 01/28/18 22:22:01 - [commands.c:344] find_handler(bindsym) 0
D: 01/28/18 22:22:01 - [bind.c:94] bindsym - Bound Mod1+Shift+k to command move up
I: 01/28/18 22:22:01 - [commands.c:519] handling config command 'bindsym $mod+Shift+$right move right'
D: 01/28/18 22:22:01 - [commands.c:344] find_handler(bindsym) 0
D: 01/28/18 22:22:01 - [bind.c:94] bindsym - Bound Mod1+Shift+l to command move right
I: 01/28/18 22:22:01 - [commands.c:519] handling config command 'bindsym $mod+Shift+Left move left'
D: 01/28/18 22:22:01 - [commands.c:344] find_handler(bindsym) 0
D: 01/28/18 22:22:01 - [bind.c:94] bindsym - Bound Mod1+Shift+Left to command move left
I: 01/28/18 22:22:01 - [commands.c:519] handling config command 'bindsym $mod+Shift+Down move down'
D: 01/28/18 22:22:01 - [commands.c:344] find_handler(bindsym) 0
D: 01/28/18 22:22:01 - [bind.c:94] bindsym - Bound Mod1+Shift+Down to command move down
I: 01/28/18 22:22:01 - [commands.c:519] handling config command 'bindsym $mod+Shift+Up move up'
D: 01/28/18 22:22:01 - [commands.c:344] find_handler(bindsym) 0
D: 01/28/18 22:22:01 - [bind.c:94] bindsym - Bound Mod1+Shift+Up to command move up
I: 01/28/18 22:22:01 - [commands.c:519] handling config command 'bindsym $mod+Shift+Right move right'
D: 01/28/18 22:22:01 - [commands.c:344] find_handler(bindsym) 0
D: 01/28/18 22:22:01 - [bind.c:94] bindsym - Bound Mod1+Shift+Right to command move right
I: 01/28/18 22:22:01 - [commands.c:519] handling config command 'bindsym $mod+1 workspace 1'
D: 01/28/18 22:22:01 - [commands.c:344] find_handler(bindsym) 0
D: 01/28/18 22:22:01 - [bind.c:94] bindsym - Bound Mod1+1 to command workspace 1
I: 01/28/18 22:22:01 - [commands.c:519] handling config command 'bindsym $mod+2 workspace 2'
D: 01/28/18 22:22:01 - [commands.c:344] find_handler(bindsym) 0
D: 01/28/18 22:22:01 - [bind.c:94] bindsym - Bound Mod1+2 to command workspace 2
I: 01/28/18 22:22:01 - [commands.c:519] handling config command 'bindsym $mod+3 workspace 3'
D: 01/28/18 22:22:01 - [commands.c:344] find_handler(bindsym) 0
D: 01/28/18 22:22:01 - [bind.c:94] bindsym - Bound Mod1+3 to command workspace 3
I: 01/28/18 22:22:01 - [commands.c:519] handling config command 'bindsym $mod+4 workspace 4'
D: 01/28/18 22:22:01 - [commands.c:344] find_handler(bindsym) 0
D: 01/28/18 22:22:01 - [bind.c:94] bindsym - Bound Mod1+4 to command workspace 4
I: 01/28/18 22:22:01 - [commands.c:519] handling config command 'bindsym $mod+5 workspace 5'
D: 01/28/18 22:22:01 - [commands.c:344] find_handler(bindsym) 0
D: 01/28/18 22:22:01 - [bind.c:94] bindsym - Bound Mod1+5 to command workspace 5
I: 01/28/18 22:22:01 - [commands.c:519] handling config command 'bindsym $mod+6 workspace 6'
D: 01/28/18 22:22:01 - [commands.c:344] find_handler(bindsym) 0
D: 01/28/18 22:22:01 - [bind.c:94] bindsym - Bound Mod1+6 to command workspace 6
I: 01/28/18 22:22:01 - [commands.c:519] handling config command 'bindsym $mod+7 workspace 7'
D: 01/28/18 22:22:01 - [commands.c:344] find_handler(bindsym) 0
D: 01/28/18 22:22:01 - [bind.c:94] bindsym - Bound Mod1+7 to command workspace 7
I: 01/28/18 22:22:01 - [commands.c:519] handling config command 'bindsym $mod+8 workspace 8'
D: 01/28/18 22:22:01 - [commands.c:344] find_handler(bindsym) 0
D: 01/28/18 22:22:01 - [bind.c:94] bindsym - Bound Mod1+8 to command workspace 8
I: 01/28/18 22:22:01 - [commands.c:519] handling config command 'bindsym $mod+9 workspace 9'
D: 01/28/18 22:22:01 - [commands.c:344] find_handler(bindsym) 0
D: 01/28/18 22:22:01 - [bind.c:94] bindsym - Bound Mod1+9 to command workspace 9
I: 01/28/18 22:22:01 - [commands.c:519] handling config command 'bindsym $mod+0 workspace 10'
D: 01/28/18 22:22:01 - [commands.c:344] find_handler(bindsym) 0
D: 01/28/18 22:22:01 - [bind.c:94] bindsym - Bound Mod1+0 to command workspace 10
I: 01/28/18 22:22:01 - [commands.c:519] handling config command 'bindsym $mod+Shift+1 move container to workspace 1'
D: 01/28/18 22:22:01 - [commands.c:344] find_handler(bindsym) 0
D: 01/28/18 22:22:01 - [bind.c:94] bindsym - Bound Mod1+Shift+1 to command move container to workspace 1
I: 01/28/18 22:22:01 - [commands.c:519] handling config command 'bindsym $mod+Shift+2 move container to workspace 2'
D: 01/28/18 22:22:01 - [commands.c:344] find_handler(bindsym) 0
D: 01/28/18 22:22:01 - [bind.c:94] bindsym - Bound Mod1+Shift+2 to command move container to workspace 2
I: 01/28/18 22:22:01 - [commands.c:519] handling config command 'bindsym $mod+Shift+3 move container to workspace 3'
D: 01/28/18 22:22:01 - [commands.c:344] find_handler(bindsym) 0
D: 01/28/18 22:22:01 - [bind.c:94] bindsym - Bound Mod1+Shift+3 to command move container to workspace 3
I: 01/28/18 22:22:01 - [commands.c:519] handling config command 'bindsym $mod+Shift+4 move container to workspace 4'
D: 01/28/18 22:22:01 - [commands.c:344] find_handler(bindsym) 0
D: 01/28/18 22:22:01 - [bind.c:94] bindsym - Bound Mod1+Shift+4 to command move container to workspace 4
I: 01/28/18 22:22:01 - [commands.c:519] handling config command 'bindsym $mod+Shift+5 move container to workspace 5'
D: 01/28/18 22:22:01 - [commands.c:344] find_handler(bindsym) 0
D: 01/28/18 22:22:01 - [bind.c:94] bindsym - Bound Mod1+Shift+5 to command move container to workspace 5
I: 01/28/18 22:22:01 - [commands.c:519] handling config command 'bindsym $mod+Shift+6 move container to workspace 6'
D: 01/28/18 22:22:01 - [commands.c:344] find_handler(bindsym) 0
D: 01/28/18 22:22:01 - [bind.c:94] bindsym - Bound Mod1+Shift+6 to command move container to workspace 6
I: 01/28/18 22:22:01 - [commands.c:519] handling config command 'bindsym $mod+Shift+7 move container to workspace 7'
D: 01/28/18 22:22:01 - [commands.c:344] find_handler(bindsym) 0
D: 01/28/18 22:22:01 - [bind.c:94] bindsym - Bound Mod1+Shift+7 to command move container to workspace 7
I: 01/28/18 22:22:01 - [commands.c:519] handling config command 'bindsym $mod+Shift+8 move container to workspace 8'
D: 01/28/18 22:22:01 - [commands.c:344] find_handler(bindsym) 0
D: 01/28/18 22:22:01 - [bind.c:94] bindsym - Bound Mod1+Shift+8 to command move container to workspace 8
I: 01/28/18 22:22:01 - [commands.c:519] handling config command 'bindsym $mod+Shift+9 move container to workspace 9'
D: 01/28/18 22:22:01 - [commands.c:344] find_handler(bindsym) 0
D: 01/28/18 22:22:01 - [bind.c:94] bindsym - Bound Mod1+Shift+9 to command move container to workspace 9
I: 01/28/18 22:22:01 - [commands.c:519] handling config command 'bindsym $mod+Shift+0 move container to workspace 10'
D: 01/28/18 22:22:01 - [commands.c:344] find_handler(bindsym) 0
D: 01/28/18 22:22:01 - [bind.c:94] bindsym - Bound Mod1+Shift+0 to command move container to workspace 10
I: 01/28/18 22:22:01 - [commands.c:519] handling config command 'bindsym $mod+b splith'
D: 01/28/18 22:22:01 - [commands.c:344] find_handler(bindsym) 0
D: 01/28/18 22:22:01 - [bind.c:94] bindsym - Bound Mod1+b to command splith
I: 01/28/18 22:22:01 - [commands.c:519] handling config command 'bindsym $mod+v splitv'
D: 01/28/18 22:22:01 - [commands.c:344] find_handler(bindsym) 0
D: 01/28/18 22:22:01 - [bind.c:94] bindsym - Bound Mod1+v to command splitv
I: 01/28/18 22:22:01 - [commands.c:519] handling config command 'bindsym $mod+s layout stacking'
D: 01/28/18 22:22:01 - [commands.c:344] find_handler(bindsym) 0
D: 01/28/18 22:22:01 - [bind.c:94] bindsym - Bound Mod1+s to command layout stacking
I: 01/28/18 22:22:01 - [commands.c:519] handling config command 'bindsym $mod+w layout tabbed'
D: 01/28/18 22:22:01 - [commands.c:344] find_handler(bindsym) 0
D: 01/28/18 22:22:01 - [bind.c:94] bindsym - Bound Mod1+w to command layout tabbed
I: 01/28/18 22:22:01 - [commands.c:519] handling config command 'bindsym $mod+e layout toggle split'
D: 01/28/18 22:22:01 - [commands.c:344] find_handler(bindsym) 0
D: 01/28/18 22:22:01 - [bind.c:94] bindsym - Bound Mod1+e to command layout toggle split
I: 01/28/18 22:22:01 - [commands.c:519] handling config command 'bindsym $mod+f fullscreen'
D: 01/28/18 22:22:01 - [commands.c:344] find_handler(bindsym) 0
D: 01/28/18 22:22:01 - [bind.c:94] bindsym - Bound Mod1+f to command fullscreen
I: 01/28/18 22:22:01 - [commands.c:519] handling config command 'bindsym $mod+Shift+space floating toggle'
D: 01/28/18 22:22:01 - [commands.c:344] find_handler(bindsym) 0
D: 01/28/18 22:22:01 - [bind.c:94] bindsym - Bound Mod1+Shift+space to command floating toggle
I: 01/28/18 22:22:01 - [commands.c:519] handling config command 'bindsym $mod+space focus mode_toggle'
D: 01/28/18 22:22:01 - [commands.c:344] find_handler(bindsym) 0
D: 01/28/18 22:22:01 - [bind.c:94] bindsym - Bound Mod1+space to command focus mode_toggle
I: 01/28/18 22:22:01 - [commands.c:519] handling config command 'bindsym $mod+a focus parent'
D: 01/28/18 22:22:01 - [commands.c:344] find_handler(bindsym) 0
D: 01/28/18 22:22:01 - [bind.c:94] bindsym - Bound Mod1+a to command focus parent
I: 01/28/18 22:22:01 - [commands.c:519] handling config command 'bindsym $mod+Shift+minus move scratchpad'
D: 01/28/18 22:22:01 - [commands.c:344] find_handler(bindsym) 0
D: 01/28/18 22:22:01 - [bind.c:94] bindsym - Bound Mod1+Shift+minus to command move scratchpad
I: 01/28/18 22:22:01 - [commands.c:519] handling config command 'bindsym $mod+minus scratchpad show'
D: 01/28/18 22:22:01 - [commands.c:344] find_handler(bindsym) 0
D: 01/28/18 22:22:01 - [bind.c:94] bindsym - Bound Mod1+minus to command scratchpad show
I: 01/28/18 22:22:01 - [commands.c:519] handling config command 'mode "resize" {'
D: 01/28/18 22:22:01 - [commands.c:344] find_handler(mode) 0
D: 01/28/18 22:22:01 - [mode.c:48] Switching to mode `resize'
I: 01/28/18 22:22:01 - [commands.c:519] handling config command 'bindsym $left resize shrink width 10 px or 10 ppt'
D: 01/28/18 22:22:01 - [commands.c:344] find_handler(bindsym) 0
D: 01/28/18 22:22:01 - [bind.c:94] bindsym - Bound h to command resize shrink width 10 px or 10 ppt
I: 01/28/18 22:22:01 - [commands.c:519] handling config command 'bindsym $down resize grow height 10 px or 10 ppt'
D: 01/28/18 22:22:01 - [commands.c:344] find_handler(bindsym) 0
D: 01/28/18 22:22:01 - [bind.c:94] bindsym - Bound j to command resize grow height 10 px or 10 ppt
I: 01/28/18 22:22:01 - [commands.c:519] handling config command 'bindsym $up resize shrink height 10 px or 10 ppt'
D: 01/28/18 22:22:01 - [commands.c:344] find_handler(bindsym) 0
D: 01/28/18 22:22:01 - [bind.c:94] bindsym - Bound k to command resize shrink height 10 px or 10 ppt
I: 01/28/18 22:22:01 - [commands.c:519] handling config command 'bindsym $right resize grow width 10 px or 10 ppt'
D: 01/28/18 22:22:01 - [commands.c:344] find_handler(bindsym) 0
D: 01/28/18 22:22:01 - [bind.c:94] bindsym - Bound l to command resize grow width 10 px or 10 ppt
I: 01/28/18 22:22:01 - [commands.c:519] handling config command 'bindsym Left resize shrink width 10 px or 10 ppt'
D: 01/28/18 22:22:01 - [commands.c:344] find_handler(bindsym) 0
D: 01/28/18 22:22:01 - [bind.c:94] bindsym - Bound Left to command resize shrink width 10 px or 10 ppt
I: 01/28/18 22:22:01 - [commands.c:519] handling config command 'bindsym Down resize grow height 10 px or 10 ppt'
D: 01/28/18 22:22:01 - [commands.c:344] find_handler(bindsym) 0
D: 01/28/18 22:22:01 - [bind.c:94] bindsym - Bound Down to command resize grow height 10 px or 10 ppt
I: 01/28/18 22:22:01 - [commands.c:519] handling config command 'bindsym Up resize shrink height 10 px or 10 ppt'
D: 01/28/18 22:22:01 - [commands.c:344] find_handler(bindsym) 0
D: 01/28/18 22:22:01 - [bind.c:94] bindsym - Bound Up to command resize shrink height 10 px or 10 ppt
I: 01/28/18 22:22:01 - [commands.c:519] handling config command 'bindsym Right resize grow width 10 px or 10 ppt'
D: 01/28/18 22:22:01 - [commands.c:344] find_handler(bindsym) 0
D: 01/28/18 22:22:01 - [bind.c:94] bindsym - Bound Right to command resize grow width 10 px or 10 ppt
I: 01/28/18 22:22:01 - [commands.c:519] handling config command 'bindsym Return mode "default"'
D: 01/28/18 22:22:01 - [commands.c:344] find_handler(bindsym) 0
D: 01/28/18 22:22:01 - [bind.c:94] bindsym - Bound Return to command mode "default"
I: 01/28/18 22:22:01 - [commands.c:519] handling config command 'bindsym Escape mode "default"'
D: 01/28/18 22:22:01 - [commands.c:344] find_handler(bindsym) 0
D: 01/28/18 22:22:01 - [bind.c:94] bindsym - Bound Escape to command mode "default"
I: 01/28/18 22:22:01 - [commands.c:519] handling config command '}'
D: 01/28/18 22:22:01 - [config.c:789] End of mode block
I: 01/28/18 22:22:01 - [commands.c:519] handling config command 'bindsym $mod+r mode "resize"'
D: 01/28/18 22:22:01 - [commands.c:344] find_handler(bindsym) 0
D: 01/28/18 22:22:01 - [bind.c:94] bindsym - Bound Mod1+r to command mode "resize"
I: 01/28/18 22:22:01 - [commands.c:519] handling config command 'bar {'
D: 01/28/18 22:22:01 - [commands.c:344] find_handler(bar) 0
D: 01/28/18 22:22:01 - [bar.c:57] Configuring bar bar-0
I: 01/28/18 22:22:01 - [commands.c:519] handling config command 'position top'
D: 01/28/18 22:22:01 - [commands.c:344] find_handler(position) 0
D: 01/28/18 22:22:01 - [position.c:31] Setting bar position 'top' for bar: bar-0
I: 01/28/18 22:22:01 - [commands.c:519] handling config command 'colors {'
D: 01/28/18 22:22:01 - [commands.c:344] find_handler(colors) 0
I: 01/28/18 22:22:01 - [commands.c:519] handling config command 'statusline #ffffff'
D: 01/28/18 22:22:01 - [commands.c:344] find_handler(statusline) 0
I: 01/28/18 22:22:01 - [commands.c:519] handling config command 'background #323232'
D: 01/28/18 22:22:01 - [commands.c:344] find_handler(background) 0
I: 01/28/18 22:22:01 - [commands.c:519] handling config command 'inactive_workspace #32323200 #32323200 #5c5c5c'
D: 01/28/18 22:22:01 - [commands.c:344] find_handler(inactive_workspace) 0
I: 01/28/18 22:22:01 - [commands.c:519] handling config command '}'
D: 01/28/18 22:22:01 - [config.c:807] End of bar colors block
I: 01/28/18 22:22:01 - [commands.c:519] handling config command '}'
D: 01/28/18 22:22:01 - [config.c:801] End of bar block
I: 01/28/18 22:22:01 - [commands.c:519] handling config command 'include /etc/sway/config.d/*'
D: 01/28/18 22:22:01 - [commands.c:344] find_handler(include) 0
D: 01/28/18 22:22:01 - [config.c:615] /etc/sway/config.d/* not found.
E: 01/28/18 22:22:01 - [config.c:498] Error(s) loading config!
D: 01/28/18 22:22:01 - [main.c:52] [wlc] libinput: resume
D: 01/28/18 22:22:01 - [main.c:52] [wlc] Activating tty
D: 01/28/18 22:22:01 - [main.c:52] [wlc] MODE: (0) 1366x768@60000 *
D: 01/28/18 22:22:01 - [main.c:52] [wlc] MODE: (0) 632x474@60000 
D: 01/28/18 22:22:01 - [main.c:52] [wlc] MODE: (0) 632x395@97000 
I: 01/28/18 22:22:01 - [main.c:50] [wlc] Connector 1 is not connected or has no modes
I: 01/28/18 22:22:01 - [main.c:50] [wlc] Connector 2 is not connected or has no modes
I: 01/28/18 22:22:01 - [main.c:50] [wlc] Connector 3 is not connected or has no modes
D: 01/28/18 22:22:01 - [main.c:52] [wlc] eDP-1 Chose mode (0) 1366x768
D: 01/28/18 22:22:01 - [handlers.c:221] Output 1 resolution changed to 1366 x 768
D: 01/28/18 22:22:01 - [container.c:138] New output 1:eDP-1
D: 01/28/18 22:22:01 - [layout.c:63] Adding 0x21cc4b0 (1, 1366.000000x768.000000) to 0x646300 (0, 0.000000x0.000000)
D: 01/28/18 22:22:01 - [config.c:1060] Invoking swaybar for bar id 'bar-0'
D: 01/28/18 22:22:01 - [workspace.c:46] Workspace: Generating new workspace name for output eDP-1
D: 01/28/18 22:22:01 - [workspace.c:68] Got valid workspace command for target: '10'
D: 01/28/18 22:22:01 - [workspace.c:108] Workspace: Found free name 10
D: 01/28/18 22:22:01 - [workspace.c:68] Got valid workspace command for target: '1'
D: 01/28/18 22:22:01 - [workspace.c:108] Workspace: Found free name 1
D: 01/28/18 22:22:01 - [workspace.c:68] Got valid workspace command for target: '2'
D: 01/28/18 22:22:01 - [workspace.c:68] Got valid workspace command for target: '3'
D: 01/28/18 22:22:01 - [workspace.c:68] Got valid workspace command for target: '4'
D: 01/28/18 22:22:01 - [workspace.c:68] Got valid workspace command for target: '5'
D: 01/28/18 22:22:01 - [workspace.c:68] Got valid workspace command for target: '6'
D: 01/28/18 22:22:01 - [workspace.c:68] Got valid workspace command for target: '7'
D: 01/28/18 22:22:01 - [workspace.c:68] Got valid workspace command for target: '8'
D: 01/28/18 22:22:01 - [workspace.c:68] Got valid workspace command for target: '9'
D: 01/28/18 22:22:01 - [container.c:204] Creating default workspace 1
D: 01/28/18 22:22:01 - [container.c:221] Added workspace 1 for output 1
D: 01/28/18 22:22:01 - [layout.c:63] Adding 0x2202630 (2, 1366.000000x768.000000) to 0x21cc4b0 (1, 1366.000000x768.000000)
D: 01/28/18 22:22:01 - [debug_log.c:98] Setting focus to 0x2202630:18446744073709551615 (WORKSPACE '1')
D: 01/28/18 22:22:01 - [ipc-server.c:1056] Sending workspace::focus event
Mesa warning: couldn't open libtxc_dxtn.so, software DXTn compression/decompression unavailable
D: 01/28/18 22:22:01 - [main.c:52] [wlc] EGL context is double buffered
D: 01/28/18 22:22:01 - [main.c:52] [wlc] EGL version: 1.4 (DRI2)
D: 01/28/18 22:22:01 - [main.c:52] [wlc] EGL vendor: Mesa Project
D: 01/28/18 22:22:01 - [main.c:52] [wlc] EGL client APIs: OpenGL OpenGL_ES 
D: 01/28/18 22:22:01 - [main.c:52] [wlc] EGL context (RGB888)
D: 01/28/18 22:22:01 - [main.c:52] [wlc] EGL_EXT_buffer_age EGL_EXT_image_dma_buf_import EGL_KHR_config_attribs EGL_KHR_create_context EGL_KHR_fence_sync EGL_KHR_get_all_proc_addresses EGL_KHR_gl_renderbuffer_image EGL_KHR_gl_texture_2D_image EGL_KHR_gl_texture_cubemap_image EGL_KHR_image EGL_KHR_image_base EGL_KHR_image_pixmap EGL_KHR_no_config_context EGL_KHR_reusable_sync EGL_KHR_surfaceless_context EGL_KHR_wait_sync EGL_MESA_configless_context EGL_MESA_drm_image EGL_MESA_image_dma_buf_export EGL_WL_bind_wayland_display 
D: 01/28/18 22:22:01 - [main.c:52] [wlc] GL version: OpenGL ES 3.0 Mesa 17.0.6
D: 01/28/18 22:22:01 - [main.c:52] [wlc] GL vendor: Intel Open Source Technology Center
D: 01/28/18 22:22:01 - [main.c:52] [wlc] GL_EXT_blend_minmax GL_EXT_multi_draw_arrays GL_EXT_texture_filter_anisotropic GL_EXT_texture_compression_dxt1 GL_EXT_texture_format_BGRA8888 GL_OES_compressed_ETC1_RGB8_texture GL_OES_depth24 GL_OES_element_index_uint GL_OES_fbo_render_mipmap GL_OES_mapbuffer GL_OES_rgb8_rgba8 GL_OES_standard_derivatives GL_OES_stencil8 GL_OES_texture_3D GL_OES_texture_float GL_OES_texture_float_linear GL_OES_texture_half_float GL_OES_texture_half_float_linear GL_OES_texture_npot GL_OES_vertex_half_float GL_EXT_texture_sRGB_decode GL_OES_EGL_image GL_OES_depth_texture GL_OES_packed_depth_stencil GL_EXT_texture_type_2_10_10_10_REV GL_OES_get_program_binary GL_APPLE_texture_max_level GL_EXT_discard_framebuffer GL_EXT_read_format_bgra GL_NV_fbo_color_attachments GL_OES_EGL_image_external GL_OES_EGL_sync GL_OES_vertex_array_object GL_ANGLE_texture_compression_dxt3 GL_ANGLE_texture_compression_dxt5 GL_EXT_robustness GL_EXT_texture_rg GL_EXT_unpack_subimage GL_NV_draw_buffers GL_NV_read_buffer GL_NV_read_depth GL_NV_read_depth_stencil GL_NV_read_stencil GL_EXT_draw_buffers GL_EXT_map_buffer_range GL_KHR_debug GL_KHR_robustness GL_OES_depth_texture_cube_map GL_OES_surfaceless_context GL_EXT_color_buffer_float GL_EXT_separate_shader_objects GL_EXT_shader_integer_mix GL_EXT_copy_image GL_EXT_draw_buffers_indexed GL_EXT_draw_elements_base_vertex GL_EXT_polygon_offset_clamp GL_EXT_texture_border_clamp GL_KHR_blend_equation_advanced GL_KHR_context_flush_control GL_KHR_robust_buffer_access_behavior GL_OES_copy_image GL_OES_draw_buffers_indexed GL_OES_draw_elements_base_vertex GL_OES_sample_shading GL_OES_sample_variables GL_OES_shader_multisample_interpolation GL_OES_texture_border_clamp GL_EXT_blend_func_extended GL_EXT_clip_cull_distance GL_MESA_shader_integer_functions 
D: 01/28/18 22:22:01 - [main.c:52] [wlc] GLES2 renderer initialized
D: 01/28/18 22:22:01 - [main.c:52] [wlc] Set new bsurface to output (1)
D: 01/28/18 22:22:01 - [main.c:52] [wlc] Added output (1)
D: 01/28/18 22:22:01 - [main.c:52] [wlc] become active
D: 01/28/18 22:22:01 - [ipc-server.c:178] Event on IPC listening socket
D: 01/28/18 22:22:01 - [ipc-server.c:225] New client: fd 26, pid 1615
D: 01/28/18 22:22:01 - [ipc-server.c:178] Event on IPC listening socket
D: 01/28/18 22:22:01 - [ipc-server.c:225] New client: fd 28, pid 1615
D: 01/28/18 22:22:01 - [ipc-server.c:249] Client 26 readable
D: 01/28/18 22:22:01 - [ipc-server.c:983] Added IPC reply to client 26 queue: { "id": "bar-0", "tray_output": null, "icon_theme": null, "tray_padding": 2, "activate_button": 272, "context_button": 273, "secondary_button": 274, "mode": "dock", "hidden_state": "hide", "modifier": "Mod4", "position": "top", "status_command": "while :; do date +'%Y-%m-%d %l:%M:%S %p'; sleep 1; done", "font": "monospace 10", "bar_height": -1, "wrap_scroll": false, "workspace_buttons": true, "strip_workspace_numbers": false, "binding_mode_indicator": true, "verbose": false, "pango_markup": false, "colors": { "background": "#323232ff", "statusline": "#ffffffff", "separator": "#666666ff", "focused_background": "#323232ff", "focused_statusline": "#ffffffff", "focused_separator": "#666666ff", "focused_workspace_border": "#4c7899ff", "focused_workspace_bg": "#285577ff", "focused_workspace_text": "#ffffffff", "inactive_workspace_border": "#32323200", "inactive_workspace_bg": "#32323200", "inactive_workspace_text": "#5c5c5cff", "active_workspace_border": "#333333ff", "active_workspace_bg": "#5f676aff", "active_workspace_text": "#ffffffff", "urgent_workspace_border": "#2f343aff", "urgent_workspace_bg": "#900000ff", "urgent_workspace_text": "#ffffffff", "binding_mode_border": "#2f343aff", "binding_mode_bg": "#900000ff", "binding_mode_text": "#ffffffff" } }
D: 01/28/18 22:22:01 - [ipc-server.c:315] Client 26 writable
D: 01/28/18 22:22:01 - [ipc-server.c:249] Client 26 readable
D: 01/28/18 22:22:01 - [ipc-server.c:983] Added IPC reply to client 26 queue: [ { "id": 1, "name": "eDP-1", "rect": { "x": 0, "y": 0, "width": 1366, "height": 768 }, "visible": false, "focused": false, "border": "none", "window_rect": { "x": 0, "y": 0, "width": 0, "height": 0 }, "deco_rect": { "x": 0, "y": 0, "width": 0, "height": 0 }, "geometry": { "x": 0, "y": 0, "width": 0, "height": 0 }, "percent": null, "window": 1, "urgent": false, "current_border_width": 0, "active": true, "primary": false, "layout": "output", "type": "output", "current_workspace": "1", "scale": 1 } ]
D: 01/28/18 22:22:01 - [ipc-server.c:315] Client 26 writable
D: 01/28/18 22:22:01 - [ipc-server.c:249] Client 28 readable
D: 01/28/18 22:22:01 - [ipc-server.c:983] Added IPC reply to client 28 queue: {"success": true}
D: 01/28/18 22:22:01 - [ipc-server.c:315] Client 28 writable
D: 01/28/18 22:22:01 - [ipc-server.c:249] Client 26 readable
D: 01/28/18 22:22:01 - [ipc-server.c:983] Added IPC reply to client 26 queue: [ { "id": 2, "name": "1", "rect": { "x": 0, "y": 0, "width": 1366, "height": 768 }, "visible": false, "border": "none", "window_rect": { "x": 0, "y": 0, "width": 0, "height": 0 }, "deco_rect": { "x": 0, "y": 0, "width": 0, "height": 0 }, "geometry": { "x": 0, "y": 0, "width": 0, "height": 0 }, "percent": null, "window": -1, "urgent": false, "current_border_width": 0, "num": 1, "output": "eDP-1", "type": "workspace", "layout": "splith", "focused": true } ]
D: 01/28/18 22:22:01 - [ipc-server.c:315] Client 26 writable
E: 01/28/18 22:22:02 - [sni_watcher.c:443] Connection is null, cannot initiate StatusNotifierWatcher
E: 01/28/18 22:22:02 - [tray.c:205] Connection is null, cannot init SNI host
D: 01/28/18 22:22:02 - [extensions.c:127] Setting surface 0x2773340 as panel for output 1 (wl_resource: 0x275b110)
D: 01/28/18 22:22:02 - [extensions.c:27] Creating panel config for resource 0x275b110
D: 01/28/18 22:22:02 - [debug_log.c:98] Arranging layout for 0x646300 (ROOT 'root')
D: 01/28/18 22:22:02 - [layout.c:968] Arranging layout for 0x646300 root 1366.000000x768.000000+0.000000,0.000000
D: 01/28/18 22:22:02 - [layout.c:975] Arranging output 'eDP-1' at 0.000000,0.000000
D: 01/28/18 22:22:02 - [debug_log.c:98] Arranging layout for 0x21cc4b0 (OUTPUT 'eDP-1')
D: 01/28/18 22:22:02 - [layout.c:968] Arranging layout for 0x21cc4b0 eDP-1 1366.000000x768.000000+0.000000,0.000000
D: 01/28/18 22:22:02 - [debug_log.c:98] Arranging layout for 0x2202630 (WORKSPACE '1')
D: 01/28/18 22:22:02 - [layout.c:968] Arranging layout for 0x2202630 1 1366.000000x768.000000+0.000000,0.000000
D: 01/28/18 22:22:02 - [layout.c:1008] -> Found panel for this workspace: 0x0, position: 0
D: 01/28/18 22:22:02 - [layout.c:1030] Arranging workspace '1' at 0.000000, 0.000000
D: 01/28/18 22:22:02 - [layout.c:1148] Arranging 0x2202630 horizontally
focus:R      |(0x646300)(p:(nil)   )(f:0x21cc4b0)(h:18446744073709551615)Type:root|layout:-    |w:1366|h: 768|x:   0|y:   0|g:  0|vis:t|children: 1|name:root
|focus:X     |(0x21cc4b0)(p:0x646300)(f:0x2202630)(h: 1)Type:op  |layout:-    |w:1366|h: 768|x:   0|y:   0|g: -1|vis:t|children: 1|name:eDP-1
|-focus:K    |(0x2202630)(p:0x21cc4b0)(f:(nil)   )(h:18446744073709551615)Type:ws  |layout:Horiz|w:1366|h: 768|x:   0|y:   0|g: -1|vis:t|children: 0|name:1
D: 01/28/18 22:22:02 - [extensions.c:23] Found existing panel config for resource 0x275b110
D: 01/28/18 22:22:02 - [extensions.c:162] Panel position for wl_resource 0x275b110 changed 0 => 0
D: 01/28/18 22:22:02 - [debug_log.c:98] Arranging layout for 0x646300 (ROOT 'root')
D: 01/28/18 22:22:02 - [layout.c:968] Arranging layout for 0x646300 root 1366.000000x768.000000+0.000000,0.000000
D: 01/28/18 22:22:02 - [layout.c:975] Arranging output 'eDP-1' at 0.000000,0.000000
D: 01/28/18 22:22:02 - [debug_log.c:98] Arranging layout for 0x21cc4b0 (OUTPUT 'eDP-1')
D: 01/28/18 22:22:02 - [layout.c:968] Arranging layout for 0x21cc4b0 eDP-1 1366.000000x768.000000+0.000000,0.000000
D: 01/28/18 22:22:02 - [debug_log.c:98] Arranging layout for 0x2202630 (WORKSPACE '1')
D: 01/28/18 22:22:02 - [layout.c:968] Arranging layout for 0x2202630 1 1366.000000x768.000000+0.000000,0.000000
D: 01/28/18 22:22:02 - [layout.c:1008] -> Found panel for this workspace: 0x0, position: 0
D: 01/28/18 22:22:02 - [layout.c:1030] Arranging workspace '1' at 0.000000, 0.000000
D: 01/28/18 22:22:02 - [layout.c:1148] Arranging 0x2202630 horizontally
focus:R      |(0x646300)(p:(nil)   )(f:0x21cc4b0)(h:18446744073709551615)Type:root|layout:-    |w:1366|h: 768|x:   0|y:   0|g:  0|vis:t|children: 1|name:root
|focus:X     |(0x21cc4b0)(p:0x646300)(f:0x2202630)(h: 1)Type:op  |layout:-    |w:1366|h: 768|x:   0|y:   0|g: -1|vis:t|children: 1|name:eDP-1
|-focus:K    |(0x2202630)(p:0x21cc4b0)(f:(nil)   )(h:18446744073709551615)Type:ws  |layout:Horiz|w:1366|h: 768|x:   0|y:   0|g: -1|vis:t|children: 0|name:1
D: 01/28/18 22:22:02 - [debug_log.c:98] Arranging layout for 0x646300 (ROOT 'root')
D: 01/28/18 22:22:02 - [layout.c:968] Arranging layout for 0x646300 root 1366.000000x768.000000+0.000000,0.000000
D: 01/28/18 22:22:02 - [layout.c:975] Arranging output 'eDP-1' at 0.000000,0.000000
D: 01/28/18 22:22:02 - [debug_log.c:98] Arranging layout for 0x21cc4b0 (OUTPUT 'eDP-1')
D: 01/28/18 22:22:02 - [layout.c:968] Arranging layout for 0x21cc4b0 eDP-1 1366.000000x768.000000+0.000000,0.000000
D: 01/28/18 22:22:02 - [debug_log.c:98] Arranging layout for 0x2202630 (WORKSPACE '1')
D: 01/28/18 22:22:02 - [layout.c:968] Arranging layout for 0x2202630 1 1366.000000x768.000000+0.000000,0.000000
D: 01/28/18 22:22:02 - [layout.c:1008] -> Found panel for this workspace: 1366x22, position: 0
D: 01/28/18 22:22:02 - [layout.c:1030] Arranging workspace '1' at 0.000000, 22.000000
D: 01/28/18 22:22:02 - [layout.c:1148] Arranging 0x2202630 horizontally
focus:R      |(0x646300)(p:(nil)   )(f:0x21cc4b0)(h:18446744073709551615)Type:root|layout:-    |w:1366|h: 768|x:   0|y:   0|g:  0|vis:t|children: 1|name:root
|focus:X     |(0x21cc4b0)(p:0x646300)(f:0x2202630)(h: 1)Type:op  |layout:-    |w:1366|h: 768|x:   0|y:   0|g: -1|vis:t|children: 1|name:eDP-1
|-focus:K    |(0x2202630)(p:0x21cc4b0)(f:(nil)   )(h:18446744073709551615)Type:ws  |layout:Horiz|w:1366|h: 746|x:   0|y:  22|g: -1|vis:t|children: 0|name:1
D: 01/28/18 22:22:03 - [main.c:52] [wlc] Xwayland started (DISPLAY :0)
D: 01/28/18 22:22:03 - [main.c:52] [wlc] xfixes (5.0)
D: 01/28/18 22:22:03 - [handlers.c:1108] Compositor is ready, executing cmds in queue
